2026-04-26 23:11:49 [INFO] __main__: Aplicación iniciada
2026-04-26 23:11:49 [INFO] data.connection.database_manager: Connected to database: data/database/point_of_sale_database.db
2026-04-27 09:44:21 [INFO] __main__: Aplicación iniciada
2026-04-27 09:44:21 [INFO] data.connection.database_manager: Connected to database: data/database/point_of_sale_database.db
2026-04-27 10:24:57 [INFO] __main__: Aplicación iniciada
2026-04-27 10:24:57 [INFO] data.connection.database_manager: Connected to database: data/database/point_of_sale_database.db
2026-04-27 10:38:07 [INFO] __main__: Aplicación iniciada
2026-04-27 10:38:07 [INFO] data.connection.database_manager: Connected to database: data/database/point_of_sale_database.db
2026-05-03 17:59:01 [INFO] __main__: Aplicación iniciada
2026-05-03 17:59:01 [INFO] data.connection.database_manager: Connected to database: data/database/point_of_sale_database.db
2026-05-03 17:59:01 [WARNING] data.connection.database_manager: Missing tables: ['categories']
2026-05-03 17:59:01 [INFO] data.connection.database_manager: Database needs seeding. Calling seed...
2026-05-03 17:59:01 [ERROR] data.connection.database_manager: Could not import seed class: No module named 'seeds'
2026-05-03 17:59:01 [INFO] data.connection.database_manager: Basic database structure created
2026-05-03 18:03:42 [INFO] __main__: Aplicación iniciada
2026-05-03 18:03:42 [INFO] data.connection.database_manager: Connected to database: data/database/point_of_sale_database.db
2026-05-03 18:03:42 [WARNING] data.connection.database_manager: Missing tables: ['categories']
2026-05-03 18:03:42 [INFO] data.connection.database_manager: Database needs seeding. Calling seed...
2026-05-03 18:03:42 [ERROR] data.connection.database_manager: Could not import seed class: No module named 'seeds'
2026-05-03 18:03:42 [ERROR] data.connection.database_manager: Database error: near ")": syntax error
2026-05-03 18:03:42 [ERROR] data.connection.database_manager: Database error: near ")": syntax error
2026-05-03 18:04:36 [INFO] __main__: Aplicación iniciada
2026-05-03 18:04:36 [INFO] data.connection.database_manager: Connected to database: data/database/point_of_sale_database.db
2026-05-03 18:04:36 [WARNING] data.connection.database_manager: Missing tables: ['categories']
2026-05-03 18:04:36 [INFO] data.connection.database_manager: Database needs seeding. Calling seed...
2026-05-03 18:04:36 [ERROR] data.connection.database_manager: Could not import seed class: No module named 'seeds'
2026-05-03 18:04:36 [INFO] data.connection.database_manager: Basic database structure created
2026-05-03 18:05:34 [INFO] __main__: Aplicación iniciada
2026-05-03 18:05:34 [INFO] data.connection.database_manager: Connected to database: data/database/point_of_sale_database.db
2026-05-03 18:05:34 [WARNING] data.connection.database_manager: Missing tables: ['categories']
2026-05-03 18:05:34 [INFO] data.connection.database_manager: Database needs seeding. Calling seed...
2026-05-03 18:05:34 [ERROR] data.connection.database_manager: Could not import seed class: No module named 'seeds'
2026-05-03 18:05:34 [INFO] data.connection.database_manager: Basic database structure created
2026-05-03 18:18:33 [INFO] __main__: Aplicación iniciada
2026-05-03 18:18:33 [INFO] data.connection.database_manager: Connected to database: data/database/point_of_sale_database.db
2026-05-03 18:18:33 [WARNING] data.connection.database_manager: Missing tables: ['categories']
2026-05-03 18:18:33 [INFO] data.connection.database_manager: Database needs seeding. Calling seed...
2026-05-03 18:18:33 [ERROR] data.connection.database_manager: Could not import seed class: No module named 'seeds'
2026-05-03 18:18:33 [INFO] data.connection.database_manager: Basic database structure created
2026-05-03 18:25:58 [INFO] __main__: Aplicación iniciada
2026-05-03 18:25:58 [INFO] data.connection.database_manager: Connected to database: data/database/point_of_sale_database.db
2026-05-03 18:25:58 [WARNING] data.connection.database_manager: Missing tables: ['categories']
2026-05-03 18:25:58 [INFO] data.connection.database_manager: Database needs seeding. Calling seed...
2026-05-03 18:25:58 [INFO] venv: Running seed for CategorySeed
2026-05-03 18:26:00 [INFO] venv: Seed completed successfully for CategorySeed
2026-05-03 18:26:00 [INFO] data.connection.database_manager: Database seeded successfully
2026-05-03 20:36:40 [INFO] __main__: Aplicación iniciada
2026-05-03 20:36:40 [INFO] data.connection.database_manager: Connected to database: data/database/point_of_sale_database.db
2026-05-03 20:41:21 [INFO] __main__: Aplicación iniciada
2026-05-03 20:41:21 [INFO] data.connection.database_manager: Connected to database: data/database/point_of_sale_database.db
2026-05-03 20:41:21 [WARNING] data.connection.database_manager: Missing tables: ['categories']
2026-05-03 20:41:21 [INFO] data.connection.database_manager: Database needs seeding. Calling seed...
2026-05-03 20:41:21 [INFO] venv: Running seed for CategorySeed
2026-05-03 20:41:23 [INFO] venv: Seed completed successfully for CategorySeed
2026-05-03 20:41:23 [INFO] data.connection.database_manager: Database seeded successfully
2026-05-03 20:44:30 [INFO] __main__: Aplicación iniciada
2026-05-03 20:44:30 [INFO] data.connection.database_manager: Connected to database: data/database/point_of_sale_database.db
2026-05-03 20:51:05 [INFO] __main__: Aplicación iniciada
2026-05-03 20:51:05 [INFO] data.connection.database_manager: Connected to database: data/database/point_of_sale_database.db
2026-05-03 20:59:50 [INFO] __main__: Aplicación iniciada
2026-05-03 20:59:50 [INFO] data.connection.database_manager: Connected to database: data/database/point_of_sale_database.db
2026-05-03 21:00:37 [ERROR] data.connection.database_manager: Database error: no such column: updated_at
2026-05-03 21:04:48 [INFO] __main__: Aplicación iniciada
2026-05-03 21:04:48 [INFO] data.connection.database_manager: Connected to database: data/database/point_of_sale_database.db
2026-05-03 21:04:56 [ERROR] data.connection.database_manager: Database error: no such column: updated_at
2026-05-03 21:09:42 [INFO] __main__: Aplicación iniciada
2026-05-03 21:09:42 [INFO] data.connection.database_manager: Connected to database: data/database/point_of_sale_database.db
2026-05-03 21:09:52 [ERROR] data.connection.database_manager: Database error: no such column: updated_at
2026-05-03 21:12:35 [INFO] __main__: Aplicación iniciada
2026-05-03 21:12:35 [INFO] data.connection.database_manager: Connected to database: data/database/point_of_sale_database.db
2026-05-03 21:12:35 [WARNING] data.connection.database_manager: Missing tables: ['categories']
2026-05-03 21:12:35 [INFO] data.connection.database_manager: Database needs seeding. Calling seed...
2026-05-03 21:12:35 [INFO] venv: Running seed for CategorySeed
2026-05-03 21:12:37 [INFO] venv: Seed completed successfully for CategorySeed
2026-05-03 21:12:37 [INFO] data.connection.database_manager: Database seeded successfully
2026-05-03 21:18:40 [INFO] __main__: Aplicación iniciada
2026-05-03 21:18:40 [INFO] data.connection.database_manager: Connected to database: data/database/point_of_sale_database.db
2026-05-03 21:23:49 [INFO] __main__: Aplicación iniciada
2026-05-03 21:23:49 [INFO] data.connection.database_manager: Connected to database: data/database/point_of_sale_database.db
2026-05-05 21:09:24 [INFO] __main__: Aplicación iniciada
2026-05-05 21:09:24 [INFO] data.connection.database_manager: Connected to database: data/database/point_of_sale_database.db
2026-05-05 21:56:50 [INFO] __main__: Aplicación iniciada
2026-05-05 21:56:50 [INFO] data.connection.database_manager: Connected to database: data/database/point_of_sale_database.db
2026-05-06 08:50:49 [INFO] __main__: Aplicación iniciada
2026-05-06 08:50:49 [INFO] data.connection.database_manager: Connected to database: data/database/point_of_sale_database.db
2026-05-06 08:50:49 [WARNING] data.connection.database_manager: Missing tables: ['categories']
2026-05-06 08:50:49 [INFO] data.connection.database_manager: Database needs seeding. Calling seed...
2026-05-06 08:50:49 [INFO] venv: Running seed for CategorySeed
2026-05-06 08:50:49 [INFO] venv: Seed completed successfully for CategorySeed
2026-05-06 08:50:49 [INFO] data.connection.database_manager: Database seeded successfully
2026-05-06 08:51:41 [INFO] __main__: Aplicación iniciada
2026-05-06 08:51:41 [INFO] data.connection.database_manager: Connected to database: data/database/point_of_sale_database.db
2026-05-06 09:05:50 [INFO] __main__: Aplicación iniciada
2026-05-06 09:05:50 [INFO] data.connection.database_manager: Connected to database: data/database/point_of_sale_database.db
2026-05-06 09:13:00 [INFO] __main__: Aplicación iniciada
2026-05-06 09:13:00 [INFO] data.connection.database_manager: Connected to database: data/database/point_of_sale_database.db
2026-05-06 09:22:07 [INFO] __main__: Aplicación iniciada
2026-05-06 09:22:07 [INFO] data.connection.database_manager: Connected to database: data/database/point_of_sale_database.db
2026-05-06 11:16:04 [INFO] __main__: Aplicación iniciada
2026-05-06 11:16:04 [INFO] data.connection.database_manager: Connected to database: data/database/point_of_sale_database.db
2026-05-06 20:40:01 [INFO] __main__: Aplicación iniciada
2026-05-06 20:40:01 [INFO] data.connection.database_manager: Connected to database: data/database/point_of_sale_database.db
2026-05-07 17:21:59 [INFO] __main__: Aplicación iniciada
2026-05-07 17:21:59 [INFO] data.connection.database_manager: Connected to database: data/database/point_of_sale_database.db
2026-05-07 23:38:48 [INFO] __main__: Aplicación iniciada
2026-05-07 23:38:48 [INFO] data.connection.database_manager: Connected to database: data/database/point_of_sale_database.db
2026-05-07 23:57:34 [INFO] __main__: Aplicación iniciada
2026-05-07 23:57:34 [INFO] data.connection.database_manager: Connected to database: data/database/point_of_sale_database.db
2026-05-08 00:03:57 [INFO] __main__: Aplicación iniciada
2026-05-08 00:03:57 [INFO] data.connection.database_manager: Connected to database: data/database/point_of_sale_database.db
2026-05-08 00:05:43 [INFO] __main__: Aplicación iniciada
2026-05-08 00:05:43 [INFO] data.connection.database_manager: Connected to database: data/database/point_of_sale_database.db
2026-05-08 00:06:41 [INFO] __main__: Aplicación iniciada
2026-05-08 00:06:41 [INFO] data.connection.database_manager: Connected to database: data/database/point_of_sale_database.db
2026-05-08 00:07:26 [INFO] __main__: Aplicación iniciada
2026-05-08 00:07:26 [INFO] data.connection.database_manager: Connected to database: data/database/point_of_sale_database.db
2026-05-08 00:07:58 [INFO] __main__: Aplicación iniciada
2026-05-08 00:07:58 [INFO] data.connection.database_manager: Connected to database: data/database/point_of_sale_database.db
2026-05-08 00:16:13 [INFO] __main__: Aplicación iniciada
2026-05-08 00:16:13 [INFO] data.connection.database_manager: Connected to database: data/database/point_of_sale_database.db
2026-05-08 00:16:45 [INFO] __main__: Aplicación iniciada
2026-05-08 00:16:45 [INFO] data.connection.database_manager: Connected to database: data/database/point_of_sale_database.db
2026-05-08 00:19:43 [INFO] __main__: Aplicación iniciada
2026-05-08 00:19:43 [INFO] data.connection.database_manager: Connected to database: data/database/point_of_sale_database.db
2026-05-09 15:47:15 [INFO] __main__: Aplicación iniciada
2026-05-09 15:47:15 [INFO] data.connection.database_manager: Connected to database: data/database/point_of_sale_database.db
2026-05-09 15:48:54 [INFO] __main__: Aplicación iniciada
2026-05-09 15:48:54 [INFO] data.connection.database_manager: Connected to database: data/database/point_of_sale_database.db
2026-05-09 16:07:12 [INFO] __main__: Aplicación iniciada
2026-05-09 16:07:12 [INFO] data.connection.database_manager: Connected to database: data/database/point_of_sale_database.db
2026-05-09 16:14:43 [INFO] __main__: Aplicación iniciada
2026-05-09 16:14:43 [INFO] data.connection.database_manager: Connected to database: data/database/point_of_sale_database.db
2026-05-09 16:15:36 [INFO] __main__: Aplicación iniciada
2026-05-09 16:15:36 [INFO] data.connection.database_manager: Connected to database: data/database/point_of_sale_database.db
2026-05-09 16:16:57 [INFO] __main__: Aplicación iniciada
2026-05-09 16:16:57 [INFO] data.connection.database_manager: Connected to database: data/database/point_of_sale_database.db
2026-05-09 16:18:24 [INFO] __main__: Aplicación iniciada
2026-05-09 16:18:24 [INFO] data.connection.database_manager: Connected to database: data/database/point_of_sale_database.db
2026-05-09 16:18:33 [INFO] __main__: Aplicación iniciada
2026-05-09 16:18:33 [INFO] data.connection.database_manager: Connected to database: data/database/point_of_sale_database.db
2026-05-09 16:19:18 [INFO] __main__: Aplicación iniciada
2026-05-09 16:19:18 [INFO] data.connection.database_manager: Connected to database: data/database/point_of_sale_database.db
2026-05-09 16:19:53 [INFO] __main__: Aplicación iniciada
2026-05-09 16:19:53 [INFO] data.connection.database_manager: Connected to database: data/database/point_of_sale_database.db
2026-05-09 16:21:44 [INFO] __main__: Aplicación iniciada
2026-05-09 16:21:44 [INFO] data.connection.database_manager: Connected to database: data/database/point_of_sale_database.db
2026-05-09 16:36:38 [INFO] __main__: Aplicación iniciada
2026-05-09 16:36:38 [INFO] data.connection.database_manager: Connected to database: data/database/point_of_sale_database.db
2026-05-09 16:37:14 [INFO] __main__: Aplicación iniciada
2026-05-09 16:37:14 [INFO] data.connection.database_manager: Connected to database: data/database/point_of_sale_database.db
2026-05-09 16:39:10 [INFO] __main__: Aplicación iniciada
2026-05-09 16:39:10 [INFO] data.connection.database_manager: Connected to database: data/database/point_of_sale_database.db
2026-05-09 16:39:29 [INFO] __main__: Aplicación iniciada
2026-05-09 16:39:29 [INFO] data.connection.database_manager: Connected to database: data/database/point_of_sale_database.db
2026-05-09 16:39:59 [INFO] __main__: Aplicación iniciada
2026-05-09 16:39:59 [INFO] data.connection.database_manager: Connected to database: data/database/point_of_sale_database.db
2026-05-09 16:41:42 [INFO] __main__: Aplicación iniciada
2026-05-09 16:41:42 [INFO] data.connection.database_manager: Connected to database: data/database/point_of_sale_database.db
2026-05-09 16:41:55 [INFO] __main__: Aplicación iniciada
2026-05-09 16:41:55 [INFO] data.connection.database_manager: Connected to database: data/database/point_of_sale_database.db
2026-05-09 16:42:04 [INFO] __main__: Aplicación iniciada
2026-05-09 16:42:04 [INFO] data.connection.database_manager: Connected to database: data/database/point_of_sale_database.db
2026-05-09 16:42:21 [INFO] __main__: Aplicación iniciada
2026-05-09 16:42:21 [INFO] data.connection.database_manager: Connected to database: data/database/point_of_sale_database.db
2026-05-09 16:43:13 [INFO] __main__: Aplicación iniciada
2026-05-09 16:43:13 [INFO] data.connection.database_manager: Connected to database: data/database/point_of_sale_database.db
2026-05-09 16:43:35 [INFO] __main__: Aplicación iniciada
2026-05-09 16:43:35 [INFO] data.connection.database_manager: Connected to database: data/database/point_of_sale_database.db
2026-05-09 16:43:54 [INFO] __main__: Aplicación iniciada
2026-05-09 16:43:54 [INFO] data.connection.database_manager: Connected to database: data/database/point_of_sale_database.db
2026-05-09 16:44:16 [INFO] __main__: Aplicación iniciada
2026-05-09 16:44:16 [INFO] data.connection.database_manager: Connected to database: data/database/point_of_sale_database.db
2026-05-09 16:44:33 [INFO] __main__: Aplicación iniciada
2026-05-09 16:44:33 [INFO] data.connection.database_manager: Connected to database: data/database/point_of_sale_database.db
2026-05-09 16:44:52 [INFO] __main__: Aplicación iniciada
2026-05-09 16:44:52 [INFO] data.connection.database_manager: Connected to database: data/database/point_of_sale_database.db
2026-05-09 16:45:18 [INFO] __main__: Aplicación iniciada
2026-05-09 16:45:18 [INFO] data.connection.database_manager: Connected to database: data/database/point_of_sale_database.db
2026-05-09 16:45:35 [INFO] __main__: Aplicación iniciada
2026-05-09 16:45:35 [INFO] data.connection.database_manager: Connected to database: data/database/point_of_sale_database.db
2026-05-09 16:45:49 [INFO] __main__: Aplicación iniciada
2026-05-09 16:45:49 [INFO] data.connection.database_manager: Connected to database: data/database/point_of_sale_database.db
2026-05-09 16:46:05 [INFO] __main__: Aplicación iniciada
2026-05-09 16:46:05 [INFO] data.connection.database_manager: Connected to database: data/database/point_of_sale_database.db
2026-05-09 16:46:18 [INFO] __main__: Aplicación iniciada
2026-05-09 16:46:18 [INFO] data.connection.database_manager: Connected to database: data/database/point_of_sale_database.db
2026-05-09 16:46:41 [INFO] __main__: Aplicación iniciada
2026-05-09 16:46:41 [INFO] data.connection.database_manager: Connected to database: data/database/point_of_sale_database.db
2026-05-09 16:50:49 [INFO] __main__: Aplicación iniciada
2026-05-09 16:50:49 [INFO] data.connection.database_manager: Connected to database: data/database/point_of_sale_database.db
2026-05-09 16:51:25 [INFO] __main__: Aplicación iniciada
2026-05-09 16:51:25 [INFO] data.connection.database_manager: Connected to database: data/database/point_of_sale_database.db
2026-05-09 16:52:01 [INFO] __main__: Aplicación iniciada
2026-05-09 16:52:01 [INFO] data.connection.database_manager: Connected to database: data/database/point_of_sale_database.db
2026-05-09 16:52:10 [INFO] __main__: Aplicación iniciada
2026-05-09 16:52:10 [INFO] data.connection.database_manager: Connected to database: data/database/point_of_sale_database.db
2026-05-09 16:52:26 [INFO] __main__: Aplicación iniciada
2026-05-09 16:52:26 [INFO] data.connection.database_manager: Connected to database: data/database/point_of_sale_database.db
2026-05-09 16:52:49 [INFO] __main__: Aplicación iniciada
2026-05-09 16:52:49 [INFO] data.connection.database_manager: Connected to database: data/database/point_of_sale_database.db
2026-05-09 16:53:29 [INFO] __main__: Aplicación iniciada
2026-05-09 16:53:29 [INFO] data.connection.database_manager: Connected to database: data/database/point_of_sale_database.db
2026-05-09 16:55:50 [INFO] __main__: Aplicación iniciada
2026-05-09 16:55:50 [INFO] data.connection.database_manager: Connected to database: data/database/point_of_sale_database.db
2026-05-09 16:57:12 [INFO] __main__: Aplicación iniciada
2026-05-09 16:57:12 [INFO] data.connection.database_manager: Connected to database: data/database/point_of_sale_database.db
2026-05-09 16:58:03 [INFO] __main__: Aplicación iniciada
2026-05-09 16:58:03 [INFO] data.connection.database_manager: Connected to database: data/database/point_of_sale_database.db
2026-05-09 16:59:21 [INFO] __main__: Aplicación iniciada
2026-05-09 16:59:21 [INFO] data.connection.database_manager: Connected to database: data/database/point_of_sale_database.db
2026-05-09 17:00:11 [INFO] __main__: Aplicación iniciada
2026-05-09 17:00:11 [INFO] data.connection.database_manager: Connected to database: data/database/point_of_sale_database.db
2026-05-09 17:02:22 [INFO] __main__: Aplicación iniciada
2026-05-09 17:02:22 [INFO] data.connection.database_manager: Connected to database: data/database/point_of_sale_database.db
2026-05-09 17:08:13 [INFO] __main__: Aplicación iniciada
2026-05-09 17:08:13 [INFO] data.connection.database_manager: Connected to database: data/database/point_of_sale_database.db
2026-05-09 17:12:53 [INFO] __main__: Aplicación iniciada
2026-05-09 17:12:53 [INFO] data.connection.database_manager: Connected to database: data/database/point_of_sale_database.db
2026-05-09 17:15:40 [INFO] __main__: Aplicación iniciada
2026-05-09 17:15:40 [INFO] data.connection.database_manager: Connected to database: data/database/point_of_sale_database.db
2026-05-09 17:19:45 [INFO] __main__: Aplicación iniciada
2026-05-09 17:19:45 [INFO] data.connection.database_manager: Connected to database: data/database/point_of_sale_database.db
2026-05-09 17:20:10 [INFO] __main__: Aplicación iniciada
2026-05-09 17:20:10 [INFO] data.connection.database_manager: Connected to database: data/database/point_of_sale_database.db
2026-05-09 17:39:47 [INFO] __main__: Aplicación iniciada
2026-05-09 17:39:47 [INFO] data.connection.database_manager: Connected to database: data/database/point_of_sale_database.db
2026-05-09 17:50:17 [INFO] __main__: Aplicación iniciada
2026-05-09 17:50:17 [INFO] data.connection.database_manager: Connected to database: data/database/point_of_sale_database.db
2026-05-09 17:55:10 [INFO] __main__: Aplicación iniciada
2026-05-09 17:55:10 [INFO] data.connection.database_manager: Connected to database: data/database/point_of_sale_database.db
2026-05-09 18:02:45 [INFO] __main__: Aplicación iniciada
2026-05-09 18:02:45 [INFO] data.connection.database_manager: Connected to database: data/database/point_of_sale_database.db
2026-05-09 18:09:09 [INFO] __main__: Aplicación iniciada
2026-05-09 18:09:09 [INFO] data.connection.database_manager: Connected to database: data/database/point_of_sale_database.db
2026-05-09 18:09:59 [INFO] __main__: Aplicación iniciada
2026-05-09 18:09:59 [INFO] data.connection.database_manager: Connected to database: data/database/point_of_sale_database.db
2026-05-09 18:10:11 [INFO] __main__: Aplicación iniciada
2026-05-09 18:10:11 [INFO] data.connection.database_manager: Connected to database: data/database/point_of_sale_database.db
2026-05-09 18:12:39 [INFO] __main__: Aplicación iniciada
2026-05-09 18:12:39 [INFO] data.connection.database_manager: Connected to database: data/database/point_of_sale_database.db
2026-05-09 18:14:20 [INFO] __main__: Aplicación iniciada
2026-05-09 18:14:20 [INFO] data.connection.database_manager: Connected to database: data/database/point_of_sale_database.db
2026-05-09 18:15:59 [INFO] __main__: Aplicación iniciada
2026-05-09 18:15:59 [INFO] data.connection.database_manager: Connected to database: data/database/point_of_sale_database.db
2026-05-09 18:16:26 [INFO] __main__: Aplicación iniciada
2026-05-09 18:16:26 [INFO] data.connection.database_manager: Connected to database: data/database/point_of_sale_database.db
2026-05-09 18:18:47 [INFO] __main__: Aplicación iniciada
2026-05-09 18:18:47 [INFO] data.connection.database_manager: Connected to database: data/database/point_of_sale_database.db
2026-05-09 18:19:28 [INFO] __main__: Aplicación iniciada
2026-05-09 18:19:28 [INFO] data.connection.database_manager: Connected to database: data/database/point_of_sale_database.db
2026-05-09 18:20:06 [INFO] __main__: Aplicación iniciada
2026-05-09 18:20:06 [INFO] data.connection.database_manager: Connected to database: data/database/point_of_sale_database.db
2026-05-09 18:21:52 [INFO] __main__: Aplicación iniciada
2026-05-09 18:21:52 [INFO] data.connection.database_manager: Connected to database: data/database/point_of_sale_database.db
2026-05-09 18:26:33 [INFO] __main__: Aplicación iniciada
2026-05-09 18:26:33 [INFO] data.connection.database_manager: Connected to database: data/database/point_of_sale_database.db
2026-05-09 18:27:10 [INFO] __main__: Aplicación iniciada
2026-05-09 18:27:10 [INFO] data.connection.database_manager: Connected to database: data/database/point_of_sale_database.db
2026-05-09 23:06:26 [INFO] __main__: Aplicación iniciada
2026-05-09 23:06:26 [INFO] data.connection.database_manager: Connected to database: data/database/point_of_sale_database.db
2026-05-10 00:00:12 [INFO] __main__: Aplicación iniciada
2026-05-10 00:00:12 [INFO] data.connection.database_manager: Connected to database: data/database/point_of_sale_database.db
2026-05-10 00:04:51 [INFO] __main__: Aplicación iniciada
2026-05-10 00:04:51 [INFO] data.connection.database_manager: Connected to database: data/database/point_of_sale_database.db
2026-05-10 00:04:51 [WARNING] data.connection.database_manager: Missing tables: ['categories']
2026-05-10 00:04:51 [INFO] data.connection.database_manager: Database needs seeding. Calling seed...
2026-05-10 00:04:51 [INFO] venv: Running seed for RolSeed
2026-05-10 00:04:52 [INFO] venv: Seed completed successfully for RolSeed
2026-05-10 00:04:52 [INFO] venv: Running seed for PermissionSeed
2026-05-10 00:04:52 [ERROR] data.connection.database_manager: Database error: no such column: name
2026-05-10 00:04:52 [ERROR] venv: Error running seed: no such column: name
2026-05-10 00:04:52 [ERROR] data.connection.database_manager: Database error: no such column: name
2026-05-10 00:08:07 [INFO] __main__: Aplicación iniciada
2026-05-10 00:08:07 [INFO] data.connection.database_manager: Connected to database: data/database/point_of_sale_database.db
2026-05-10 00:08:07 [WARNING] data.connection.database_manager: Missing tables: ['categories']
2026-05-10 00:08:07 [INFO] data.connection.database_manager: Database needs seeding. Calling seed...
2026-05-10 00:08:07 [INFO] venv: Running seed for RolSeed
2026-05-10 00:08:08 [INFO] venv: Seed completed successfully for RolSeed
2026-05-10 00:08:08 [INFO] venv: Running seed for PermissionSeed
2026-05-10 00:08:08 [ERROR] data.connection.database_manager: Database error: no such column: name
2026-05-10 00:08:08 [ERROR] venv: Error running seed: no such column: name
2026-05-10 00:08:08 [ERROR] data.connection.database_manager: Database error: no such column: name
2026-05-10 00:13:43 [INFO] __main__: Aplicación iniciada
2026-05-10 00:13:43 [INFO] data.connection.database_manager: Connected to database: data/database/point_of_sale_database.db
2026-05-10 00:13:43 [WARNING] data.connection.database_manager: Missing tables: ['categories']
2026-05-10 00:13:43 [INFO] data.connection.database_manager: Database needs seeding. Calling seed...
2026-05-10 00:13:43 [INFO] venv: Running seed for RolSeed
2026-05-10 00:13:44 [INFO] venv: Seed completed successfully for RolSeed
2026-05-10 00:13:44 [INFO] venv: Running seed for UserSeed
2026-05-10 00:13:44 [ERROR] data.connection.database_manager: Database error: You can only execute one statement at a time.
2026-05-10 00:13:44 [ERROR] venv: Error running seed: You can only execute one statement at a time.
2026-05-10 00:13:44 [ERROR] data.connection.database_manager: Database error: You can only execute one statement at a time.
2026-05-10 00:16:06 [INFO] __main__: Aplicación iniciada
2026-05-10 00:16:06 [INFO] data.connection.database_manager: Connected to database: data/database/point_of_sale_database.db
2026-05-10 00:16:06 [WARNING] data.connection.database_manager: Missing tables: ['categories']
2026-05-10 00:16:06 [INFO] data.connection.database_manager: Database needs seeding. Calling seed...
2026-05-10 00:16:06 [INFO] venv: Running seed for RolSeed
2026-05-10 00:16:07 [INFO] venv: Seed completed successfully for RolSeed
2026-05-10 00:16:07 [INFO] venv: Running seed for PermissionSeed
2026-05-10 00:16:07 [ERROR] data.connection.database_manager: Database error: no such column: name
2026-05-10 00:16:07 [ERROR] venv: Error running seed: no such column: name
2026-05-10 00:16:08 [ERROR] data.connection.database_manager: Database error: no such column: name
2026-05-10 00:19:00 [INFO] __main__: Aplicación iniciada
2026-05-10 00:19:00 [INFO] data.connection.database_manager: Connected to database: data/database/point_of_sale_database.db
2026-05-10 00:19:00 [WARNING] data.connection.database_manager: Missing tables: ['categories']
2026-05-10 00:19:00 [INFO] data.connection.database_manager: Database needs seeding. Calling seed...
2026-05-10 00:19:00 [INFO] venv: Running seed for RolSeed
2026-05-10 00:19:01 [INFO] venv: Seed completed successfully for RolSeed
2026-05-10 00:19:01 [INFO] venv: Running seed for PermissionSeed
2026-05-10 00:19:01 [ERROR] data.connection.database_manager: Database error: table permissions has no column named rol
2026-05-10 00:19:01 [ERROR] data.connection.database_manager: Database error: table permissions has no column named rol
2026-05-10 00:19:01 [ERROR] data.connection.database_manager: Database error: table permissions has no column named rol
2026-05-10 00:19:01 [ERROR] data.connection.database_manager: Database error: table permissions has no column named rol
2026-05-10 00:19:01 [ERROR] data.connection.database_manager: Database error: table permissions has no column named rol
2026-05-10 00:19:01 [INFO] venv: Seed completed successfully for PermissionSeed
2026-05-10 00:19:01 [INFO] data.connection.database_manager: Database seeded successfully
2026-05-10 00:20:13 [INFO] __main__: Aplicación iniciada
2026-05-10 00:20:13 [INFO] data.connection.database_manager: Connected to database: data/database/point_of_sale_database.db
2026-05-10 00:20:13 [WARNING] data.connection.database_manager: Missing tables: ['categories']
2026-05-10 00:20:13 [INFO] data.connection.database_manager: Database needs seeding. Calling seed...
2026-05-10 00:20:13 [INFO] venv: Running seed for RolSeed
2026-05-10 00:20:14 [INFO] venv: Seed completed successfully for RolSeed
2026-05-10 00:20:14 [INFO] venv: Running seed for PermissionSeed
2026-05-10 00:20:15 [ERROR] data.connection.database_manager: Database error: table permissions has no column named rol
2026-05-10 00:20:15 [ERROR] data.connection.database_manager: Database error: table permissions has no column named rol
2026-05-10 00:20:15 [ERROR] data.connection.database_manager: Database error: table permissions has no column named rol
2026-05-10 00:20:15 [ERROR] data.connection.database_manager: Database error: table permissions has no column named rol
2026-05-10 00:20:15 [ERROR] data.connection.database_manager: Database error: table permissions has no column named rol
2026-05-10 00:20:15 [INFO] venv: Seed completed successfully for PermissionSeed
2026-05-10 00:20:15 [INFO] venv: Running seed for UserSeed
2026-05-10 00:20:15 [ERROR] data.connection.database_manager: Database error: You can only execute one statement at a time.
2026-05-10 00:20:15 [ERROR] venv: Error running seed: You can only execute one statement at a time.
2026-05-10 00:20:15 [ERROR] data.connection.database_manager: Database error: You can only execute one statement at a time.
2026-05-10 10:23:02 [INFO] __main__: Aplicación iniciada
2026-05-10 10:23:02 [INFO] data.connection.database_manager: Connected to database: data/database/point_of_sale_database.db
2026-05-10 10:23:02 [WARNING] data.connection.database_manager: Missing tables: ['categories']
2026-05-10 10:23:02 [INFO] data.connection.database_manager: Database needs seeding. Calling seed...
2026-05-10 10:23:02 [INFO] venv: Running seed for RolSeed
2026-05-10 10:23:03 [INFO] venv: Seed completed successfully for RolSeed
2026-05-10 10:23:03 [INFO] venv: Running seed for PermissionSeed
2026-05-10 10:23:03 [ERROR] data.connection.database_manager: Database error: table permissions has no column named rol
2026-05-10 10:23:03 [ERROR] data.connection.database_manager: Database error: table permissions has no column named rol
2026-05-10 10:23:03 [ERROR] data.connection.database_manager: Database error: table permissions has no column named rol
2026-05-10 10:23:03 [ERROR] data.connection.database_manager: Database error: table permissions has no column named rol
2026-05-10 10:23:03 [ERROR] data.connection.database_manager: Database error: table permissions has no column named rol
2026-05-10 10:23:03 [INFO] venv: Seed completed successfully for PermissionSeed
2026-05-10 10:23:03 [INFO] venv: Running seed for UserSeed
2026-05-10 10:23:03 [ERROR] data.connection.database_manager: Database error: You can only execute one statement at a time.
2026-05-10 10:23:03 [ERROR] venv: Error running seed: You can only execute one statement at a time.
2026-05-10 10:23:03 [ERROR] data.connection.database_manager: Database error: You can only execute one statement at a time.
2026-05-10 10:41:57 [INFO] __main__: Aplicación iniciada
2026-05-10 10:41:57 [INFO] data.connection.database_manager: Connected to database: data/database/point_of_sale_database.db
2026-05-10 10:41:57 [WARNING] data.connection.database_manager: Missing tables: ['categories']
2026-05-10 10:41:57 [INFO] data.connection.database_manager: Database needs seeding. Calling seed...
2026-05-10 10:41:57 [INFO] venv: Running seed for RolSeed
2026-05-10 10:41:58 [INFO] venv: Seed completed successfully for RolSeed
2026-05-10 10:41:58 [INFO] venv: Running seed for PermissionSeed
2026-05-10 10:41:58 [ERROR] data.connection.database_manager: Database error: table permissions has no column named rol
2026-05-10 10:41:58 [ERROR] data.connection.database_manager: Database error: table permissions has no column named rol
2026-05-10 10:41:58 [ERROR] data.connection.database_manager: Database error: table permissions has no column named rol
2026-05-10 10:41:58 [ERROR] data.connection.database_manager: Database error: table permissions has no column named rol
2026-05-10 10:41:58 [ERROR] data.connection.database_manager: Database error: table permissions has no column named rol
2026-05-10 10:41:59 [INFO] venv: Seed completed successfully for PermissionSeed
2026-05-10 10:41:59 [INFO] venv: Running seed for UserSeed
2026-05-10 10:41:59 [ERROR] data.connection.database_manager: Database error: You can only execute one statement at a time.
2026-05-10 10:41:59 [ERROR] venv: Error running seed: You can only execute one statement at a time.
2026-05-10 10:41:59 [ERROR] data.connection.database_manager: Database error: You can only execute one statement at a time.
2026-05-10 10:50:42 [INFO] __main__: Aplicación iniciada
2026-05-10 10:50:42 [INFO] data.connection.database_manager: Connected to database: data/database/point_of_sale_database.db
2026-05-10 10:50:42 [WARNING] data.connection.database_manager: Missing tables: ['categories']
2026-05-10 10:50:42 [INFO] data.connection.database_manager: Database needs seeding. Calling seed...
2026-05-10 10:50:42 [INFO] venv: Running seed for RolSeed
2026-05-10 10:50:43 [INFO] venv: Seed completed successfully for RolSeed
2026-05-10 10:50:43 [INFO] venv: Running seed for PermissionSeed
2026-05-10 10:50:43 [ERROR] data.connection.database_manager: Database error: table permissions has no column named rol
2026-05-10 10:50:43 [ERROR] data.connection.database_manager: Database error: table permissions has no column named rol
2026-05-10 10:50:43 [ERROR] data.connection.database_manager: Database error: table permissions has no column named rol
2026-05-10 10:50:43 [ERROR] data.connection.database_manager: Database error: table permissions has no column named rol
2026-05-10 10:50:43 [ERROR] data.connection.database_manager: Database error: table permissions has no column named rol
2026-05-10 10:50:43 [INFO] venv: Seed completed successfully for PermissionSeed
2026-05-10 10:50:43 [INFO] data.connection.database_manager: Database seeded successfully
2026-05-10 10:55:29 [INFO] __main__: Aplicación iniciada
2026-05-10 10:55:29 [INFO] data.connection.database_manager: Connected to database: data/database/point_of_sale_database.db
2026-05-10 10:55:29 [WARNING] data.connection.database_manager: Missing tables: ['categories']
2026-05-10 10:55:29 [INFO] data.connection.database_manager: Database needs seeding. Calling seed...
2026-05-10 10:55:29 [INFO] venv: Running seed for RolSeed
2026-05-10 10:55:30 [INFO] venv: Seed completed successfully for RolSeed
2026-05-10 10:55:30 [INFO] venv: Running seed for PermissionSeed
2026-05-10 10:55:31 [ERROR] data.connection.database_manager: Database error: table permissions has no column named rol
2026-05-10 10:55:31 [ERROR] data.connection.database_manager: Database error: table permissions has no column named rol
2026-05-10 10:55:31 [ERROR] data.connection.database_manager: Database error: table permissions has no column named rol
2026-05-10 10:55:31 [ERROR] data.connection.database_manager: Database error: table permissions has no column named rol
2026-05-10 10:55:31 [ERROR] data.connection.database_manager: Database error: table permissions has no column named rol
2026-05-10 10:55:31 [INFO] venv: Seed completed successfully for PermissionSeed
2026-05-10 10:55:31 [INFO] data.connection.database_manager: Database seeded successfully
2026-05-10 10:56:09 [INFO] __main__: Aplicación iniciada
2026-05-10 10:56:09 [INFO] data.connection.database_manager: Connected to database: data/database/point_of_sale_database.db
2026-05-10 10:56:09 [WARNING] data.connection.database_manager: Missing tables: ['categories']
2026-05-10 10:56:09 [INFO] data.connection.database_manager: Database needs seeding. Calling seed...
2026-05-10 10:56:09 [INFO] venv: Running seed for RolSeed
2026-05-10 10:56:10 [INFO] venv: Seed completed successfully for RolSeed
2026-05-10 10:56:10 [INFO] venv: Running seed for PermissionSeed
2026-05-10 10:56:11 [INFO] venv: Seed completed successfully for PermissionSeed
2026-05-10 10:56:11 [INFO] data.connection.database_manager: Database seeded successfully
2026-05-10 10:57:08 [INFO] __main__: Aplicación iniciada
2026-05-10 10:57:08 [INFO] data.connection.database_manager: Connected to database: data/database/point_of_sale_database.db
2026-05-10 10:57:08 [WARNING] data.connection.database_manager: Missing tables: ['categories']
2026-05-10 10:57:08 [INFO] data.connection.database_manager: Database needs seeding. Calling seed...
2026-05-10 10:57:08 [INFO] venv: Running seed for RolSeed
2026-05-10 10:57:08 [INFO] venv: Seed completed successfully for RolSeed
2026-05-10 10:57:08 [INFO] venv: Running seed for PermissionSeed
2026-05-10 10:57:09 [INFO] venv: Seed completed successfully for PermissionSeed
2026-05-10 10:57:09 [INFO] venv: Running seed for UserSeed
2026-05-10 10:57:09 [ERROR] data.connection.database_manager: Database error: You can only execute one statement at a time.
2026-05-10 10:57:09 [ERROR] venv: Error running seed: You can only execute one statement at a time.
2026-05-10 10:57:09 [ERROR] data.connection.database_manager: Database error: You can only execute one statement at a time.
2026-05-10 11:05:21 [INFO] __main__: Aplicación iniciada
2026-05-10 11:05:21 [INFO] data.connection.database_manager: Connected to database: data/database/point_of_sale_database.db
2026-05-10 11:05:21 [WARNING] data.connection.database_manager: Missing tables: ['categories']
2026-05-10 11:05:21 [INFO] data.connection.database_manager: Database needs seeding. Calling seed...
2026-05-10 11:05:21 [INFO] venv: Running seed for RolSeed
2026-05-10 11:05:22 [INFO] venv: Seed completed successfully for RolSeed
2026-05-10 11:05:22 [INFO] venv: Running seed for PermissionSeed
2026-05-10 11:05:23 [INFO] venv: Seed completed successfully for PermissionSeed
2026-05-10 11:05:23 [INFO] venv: Running seed for UserSeed
2026-05-10 11:05:23 [ERROR] data.connection.database_manager: Database error: You can only execute one statement at a time.
2026-05-10 11:05:23 [ERROR] venv: Error running seed: You can only execute one statement at a time.
2026-05-10 11:05:23 [ERROR] data.connection.database_manager: Database error: You can only execute one statement at a time.
2026-05-10 11:09:36 [INFO] __main__: Aplicación iniciada
2026-05-10 11:09:36 [INFO] data.connection.database_manager: Connected to database: data/database/point_of_sale_database.db
2026-05-10 11:09:36 [WARNING] data.connection.database_manager: Missing tables: ['categories']
2026-05-10 11:09:36 [INFO] data.connection.database_manager: Database needs seeding. Calling seed...
2026-05-10 11:09:36 [INFO] venv: Running seed for RolSeed
2026-05-10 11:09:37 [INFO] venv: Seed completed successfully for RolSeed
2026-05-10 11:09:37 [INFO] venv: Running seed for PermissionSeed
2026-05-10 11:09:38 [INFO] venv: Seed completed successfully for PermissionSeed
2026-05-10 11:09:38 [INFO] venv: Running seed for UserSeed
2026-05-10 11:09:38 [ERROR] data.connection.database_manager: Database error: no such table: main.user
2026-05-10 11:09:38 [ERROR] venv: Error running seed: no such table: main.user
2026-05-10 11:09:38 [ERROR] data.connection.database_manager: Database error: no such table: main.user
2026-05-10 11:16:35 [INFO] __main__: Aplicación iniciada
2026-05-10 11:16:35 [INFO] data.connection.database_manager: Connected to database: data/database/point_of_sale_database.db
2026-05-10 11:16:35 [WARNING] data.connection.database_manager: Missing tables: ['categories']
2026-05-10 11:16:35 [INFO] data.connection.database_manager: Database needs seeding. Calling seed...
2026-05-10 11:16:35 [INFO] venv: Running seed for RolSeed
2026-05-10 11:16:36 [INFO] venv: Seed completed successfully for RolSeed
2026-05-10 11:16:36 [INFO] venv: Running seed for PermissionSeed
2026-05-10 11:16:37 [INFO] venv: Seed completed successfully for PermissionSeed
2026-05-10 11:16:37 [INFO] data.connection.database_manager: Database seeded successfully
2026-05-10 11:19:10 [INFO] __main__: Aplicación iniciada
2026-05-10 11:19:10 [INFO] data.connection.database_manager: Connected to database: data/database/point_of_sale_database.db
2026-05-10 11:19:10 [WARNING] data.connection.database_manager: Missing tables: ['categories']
2026-05-10 11:19:10 [INFO] data.connection.database_manager: Database needs seeding. Calling seed...
2026-05-10 11:19:10 [INFO] venv: Running seed for RolSeed
2026-05-10 11:19:11 [INFO] venv: Seed completed successfully for RolSeed
2026-05-10 11:19:11 [INFO] venv: Running seed for PermissionSeed
2026-05-10 11:19:11 [INFO] venv: Seed completed successfully for PermissionSeed
2026-05-10 11:19:11 [INFO] data.connection.database_manager: Database seeded successfully
2026-05-10 11:20:56 [INFO] __main__: Aplicación iniciada
2026-05-10 11:20:56 [INFO] data.connection.database_manager: Connected to database: data/database/point_of_sale_database.db
2026-05-10 11:20:56 [WARNING] data.connection.database_manager: Missing tables: ['categories']
2026-05-10 11:20:56 [INFO] data.connection.database_manager: Database needs seeding. Calling seed...
2026-05-10 11:20:56 [INFO] venv: Running seed for RolSeed
2026-05-10 11:20:57 [INFO] venv: Seed completed successfully for RolSeed
2026-05-10 11:20:57 [INFO] venv: Running seed for PermissionSeed
2026-05-10 11:20:58 [INFO] venv: Seed completed successfully for PermissionSeed
2026-05-10 11:20:58 [INFO] venv: Running seed for UserSeed
2026-05-10 11:20:58 [INFO] venv: Seed completed successfully for UserSeed
2026-05-10 11:20:58 [INFO] data.connection.database_manager: Database seeded successfully
2026-05-10 11:21:59 [INFO] __main__: Aplicación iniciada
2026-05-10 11:21:59 [INFO] data.connection.database_manager: Connected to database: data/database/point_of_sale_database.db
2026-05-10 11:21:59 [WARNING] data.connection.database_manager: Missing tables: ['categories']
2026-05-10 11:21:59 [INFO] data.connection.database_manager: Database needs seeding. Calling seed...
2026-05-10 11:21:59 [INFO] venv: Running seed for RolSeed
2026-05-10 11:22:00 [INFO] venv: Seed completed successfully for RolSeed
2026-05-10 11:22:00 [INFO] venv: Running seed for PermissionSeed
2026-05-10 11:22:01 [INFO] venv: Seed completed successfully for PermissionSeed
2026-05-10 11:22:01 [INFO] venv: Running seed for UserSeed
2026-05-10 11:22:01 [INFO] venv: Seed completed successfully for UserSeed
2026-05-10 11:22:01 [INFO] data.connection.database_manager: Database seeded successfully
2026-05-10 11:23:25 [INFO] __main__: Aplicación iniciada
2026-05-10 11:23:25 [INFO] data.connection.database_manager: Connected to database: data/database/point_of_sale_database.db
2026-05-10 11:23:25 [WARNING] data.connection.database_manager: Missing tables: ['categories']
2026-05-10 11:23:25 [INFO] data.connection.database_manager: Database needs seeding. Calling seed...
2026-05-10 11:23:25 [INFO] venv: Running seed for RolSeed
2026-05-10 11:23:26 [INFO] venv: Seed completed successfully for RolSeed
2026-05-10 11:23:26 [INFO] venv: Running seed for PermissionSeed
2026-05-10 11:23:27 [INFO] venv: Seed completed successfully for PermissionSeed
2026-05-10 11:23:27 [INFO] venv: Running seed for UserSeed
2026-05-10 11:23:27 [ERROR] data.connection.database_manager: Database error: NOT NULL constraint failed: users.rol_id
2026-05-10 11:23:27 [INFO] venv: Seed completed successfully for UserSeed
2026-05-10 11:23:28 [INFO] data.connection.database_manager: Database seeded successfully
2026-05-10 11:25:57 [INFO] __main__: Aplicación iniciada
2026-05-10 11:25:57 [INFO] data.connection.database_manager: Connected to database: data/database/point_of_sale_database.db
2026-05-10 11:25:57 [WARNING] data.connection.database_manager: Missing tables: ['categories']
2026-05-10 11:25:57 [INFO] data.connection.database_manager: Database needs seeding. Calling seed...
2026-05-10 11:25:57 [INFO] venv: Running seed for RolSeed
2026-05-10 11:25:58 [INFO] venv: Seed completed successfully for RolSeed
2026-05-10 11:25:58 [INFO] venv: Running seed for PermissionSeed
2026-05-10 11:25:59 [INFO] venv: Seed completed successfully for PermissionSeed
2026-05-10 11:25:59 [INFO] venv: Running seed for UserSeed
2026-05-10 11:26:00 [INFO] venv: Seed completed successfully for UserSeed
2026-05-10 11:26:00 [INFO] data.connection.database_manager: Database seeded successfully
2026-05-10 11:54:46 [INFO] __main__: Aplicación iniciada
2026-05-10 11:54:46 [INFO] data.connection.database_manager: Connected to database: data/database/point_of_sale_database.db
2026-05-10 11:54:46 [WARNING] data.connection.database_manager: Missing tables: ['categories']
2026-05-10 11:54:46 [INFO] data.connection.database_manager: Database structure is valid
2026-05-10 12:04:26 [INFO] __main__: Aplicación iniciada
2026-05-10 12:04:26 [INFO] data.connection.database_manager: Connected to database: data/database/point_of_sale_database.db
2026-05-10 12:04:26 [WARNING] data.connection.database_manager: Missing tables: ['categories']
2026-05-10 12:04:26 [INFO] data.connection.database_manager: Database structure is valid
2026-05-10 12:20:50 [INFO] __main__: Aplicación iniciada
2026-05-10 12:20:50 [INFO] data.connection.database_manager: Connected to database: data/database/point_of_sale_database.db
2026-05-10 12:20:50 [WARNING] data.connection.database_manager: Missing tables: ['categories']
2026-05-10 12:20:50 [INFO] data.connection.database_manager: Database structure is valid
2026-05-10 12:30:06 [INFO] __main__: Aplicación iniciada
2026-05-10 12:30:06 [INFO] data.connection.database_manager: Connected to database: data/database/point_of_sale_database.db
2026-05-10 12:30:06 [WARNING] data.connection.database_manager: Missing tables: ['categories']
2026-05-10 12:30:06 [INFO] data.connection.database_manager: Database structure is valid
2026-05-10 15:22:50 [INFO] __main__: Aplicación iniciada
2026-05-10 15:22:50 [INFO] data.connection.database_manager: Connected to database: data/database/point_of_sale_database.db
2026-05-10 15:22:50 [WARNING] data.connection.database_manager: Missing tables: ['categories']
2026-05-10 15:22:50 [INFO] data.connection.database_manager: Database needs seeding. Calling seed...
2026-05-10 15:22:50 [INFO] venv: Running seed for RolSeed
2026-05-10 15:22:51 [INFO] venv: Seed completed successfully for RolSeed
2026-05-10 15:22:51 [INFO] venv: Running seed for PermissionSeed
2026-05-10 15:22:52 [INFO] venv: Seed completed successfully for PermissionSeed
2026-05-10 15:22:52 [INFO] venv: Running seed for UserSeed
2026-05-10 15:22:52 [INFO] venv: Seed completed successfully for UserSeed
2026-05-10 15:22:52 [INFO] venv: Running seed for CategorySeed
2026-05-10 15:22:54 [INFO] venv: Seed completed successfully for CategorySeed
2026-05-10 15:22:54 [INFO] data.connection.database_manager: Database seeded successfully
2026-05-10 15:33:26 [INFO] __main__: Aplicación iniciada
2026-05-10 15:33:26 [INFO] data.connection.database_manager: Connected to database: data/database/point_of_sale_database.db
2026-05-10 15:33:26 [WARNING] data.connection.database_manager: Missing tables: ['categories']
2026-05-10 15:33:26 [INFO] data.connection.database_manager: Database needs seeding. Calling seed...
2026-05-10 15:33:26 [INFO] venv: Running seed for RolSeed
2026-05-10 15:33:27 [INFO] venv: Seed completed successfully for RolSeed
2026-05-10 15:33:27 [INFO] venv: Running seed for PermissionSeed
2026-05-10 15:33:28 [INFO] venv: Seed completed successfully for PermissionSeed
2026-05-10 15:33:28 [INFO] venv: Running seed for UserSeed
2026-05-10 15:33:28 [INFO] venv: Seed completed successfully for UserSeed
2026-05-10 15:33:28 [INFO] venv: Running seed for CategorySeed
2026-05-10 15:33:30 [INFO] venv: Seed completed successfully for CategorySeed
2026-05-10 15:33:30 [INFO] data.connection.database_manager: Database seeded successfully
